#
# There is insufficient memory for the Java Runtime Environment to continue.
# Native memory allocation (malloc) failed to allocate 998256 bytes for Chunk::new
# Possible reasons:
#   The system is out of physical RAM or swap space
#   The process is running with CompressedOops enabled, and the Java Heap may be blocking the growth of the native heap
# Possible solutions:
#   Reduce memory load on the system
#   Increase physical memory or swap space
#   Check if swap backing store is full
#   Decrease Java heap size (-Xmx/-Xms)
#   Decrease number of Java threads
#   Decrease Java thread stack sizes (-Xss)
#   Set larger code cache with -XX:ReservedCodeCacheSize=
#   JVM is running with Unscaled Compressed Oops mode in which the Java heap is
#     placed in the first 4GB address space. The Java Heap base address is the
#     maximum limit for the native heap growth. Please use -XX:HeapBaseMinAddress
#     to set the Java Heap base and to place the Java Heap above 4GB virtual address.
# This output file may be truncated or incomplete.
#
#  Out of Memory Error (allocation.cpp:389), pid=6112, tid=0x0000000000001d84
#
# JRE version: OpenJDK Runtime Environment (8.0_212-b04) (build 1.8.0_212-release-1586-b04)
# Java VM: OpenJDK 64-Bit Server VM (25.212-b04 mixed mode windows-amd64 compressed oops)
# Failed to write core dump. Minidumps are not enabled by default on client versions of Windows
#

---------------  T H R E A D  ---------------

Current thread (0x0000000018deb800):  JavaThread "C2 CompilerThread0" daemon [_thread_in_native, id=7556, stack(0x00000000196c0000,0x00000000197c0000)]

Stack: [0x00000000196c0000,0x00000000197c0000]
[error occurred during error reporting (printing stack bounds), id 0xc0000005]

Native frames: (J=compiled Java code, j=interpreted, Vv=VM code, C=native code)


Current CompileTask:
C2:7718025 23748       4       com.android.utils.PositionXmlParser::getPositionHelper (757 bytes)


---------------  P R O C E S S  ---------------

Java Threads: ( => current thread )
  0x000000001de2d800 JavaThread "stdout" [_thread_in_native, id=7756, stack(0x000000003dc00000,0x000000003dd00000)]
  0x000000001de2c000 JavaThread "stderr" [_thread_in_native, id=8884, stack(0x000000003db00000,0x000000003dc00000)]
  0x000000001de32800 JavaThread "pool-11-thread-1" [_thread_blocked, id=4464, stack(0x000000003da00000,0x000000003db00000)]
  0x000000001de2b000 JavaThread "WorkerExecutor Queue" [_thread_blocked, id=7836, stack(0x000000003d900000,0x000000003da00000)]
  0x000000001fde7800 JavaThread "Cache worker for execution history cache (E:\Android Studio Projects\WhatsappClone\.gradle\5.6.4\executionHistory)" [_thread_blocked, id=6656, stack(0x000000003d800000,0x000000003d900000)]
  0x000000001fde0000 JavaThread "Execution worker for ':' Thread 7" [_thread_in_vm, id=6984, stack(0x000000003d700000,0x000000003d800000)]
  0x000000001fde4800 JavaThread "Execution worker for ':' Thread 6" [_thread_blocked, id=5908, stack(0x000000003d600000,0x000000003d700000)]
  0x000000001fde4000 JavaThread "Execution worker for ':' Thread 5" [_thread_blocked, id=5328, stack(0x000000003d500000,0x000000003d600000)]
  0x000000001fde3000 JavaThread "Execution worker for ':' Thread 4" [_thread_blocked, id=1984, stack(0x000000003d400000,0x000000003d500000)]
  0x000000001fddd000 JavaThread "Execution worker for ':' Thread 3" [_thread_blocked, id=2460, stack(0x000000003d300000,0x000000003d400000)]
  0x000000001fde2800 JavaThread "Execution worker for ':' Thread 2" [_thread_blocked, id=1464, stack(0x000000003d200000,0x000000003d300000)]
  0x000000001fdda800 JavaThread "Execution worker for ':'" [_thread_blocked, id=8524, stack(0x000000003d100000,0x000000003d200000)]
  0x000000001fddf000 JavaThread "Cache worker for file content cache (E:\Android Studio Projects\WhatsappClone\.gradle\5.6.4\fileContent)" [_thread_blocked, id=5340, stack(0x000000003d000000,0x000000003d100000)]
  0x000000001fddc000 JavaThread "Cache worker for Build Output Cleanup Cache (E:\Android Studio Projects\WhatsappClone\.gradle\buildOutputCleanup)" [_thread_blocked, id=5408, stack(0x000000003cf00000,0x000000003d000000)]
  0x000000001fde1800 JavaThread "pool-10-thread-1" [_thread_blocked, id=92, stack(0x000000003ce00000,0x000000003cf00000)]
  0x000000001fdda000 JavaThread "Build operations Thread 8" [_thread_blocked, id=792, stack(0x000000003cd00000,0x000000003ce00000)]
  0x000000001fdde800 JavaThread "Build operations Thread 7" [_thread_blocked, id=7732, stack(0x000000003cc00000,0x000000003cd00000)]
  0x000000001fddb800 JavaThread "Build operations Thread 6" [_thread_blocked, id=10632, stack(0x000000003cb00000,0x000000003cc00000)]
  0x000000001fdd9000 JavaThread "Build operations Thread 5" [_thread_blocked, id=5740, stack(0x000000003ca00000,0x000000003cb00000)]
  0x000000001fddd800 JavaThread "Build operations Thread 4" [_thread_blocked, id=11108, stack(0x000000003c900000,0x000000003ca00000)]
  0x00000000241c7800 JavaThread "Build operations Thread 3" [_thread_blocked, id=600, stack(0x000000003c800000,0x000000003c900000)]
  0x00000000241c6800 JavaThread "Build operations Thread 2" [_thread_blocked, id=7060, stack(0x000000003c700000,0x000000003c800000)]
  0x00000000241b8800 JavaThread "Build operations" [_thread_blocked, id=5868, stack(0x000000003c600000,0x000000003c700000)]
  0x00000000241c5000 JavaThread "Cache worker for cache directory md-rule (C:\Users\prajw\.gradle\caches\5.6.4\md-rule)" [_thread_blocked, id=2308, stack(0x000000003c500000,0x000000003c600000)]
  0x00000000241c6000 JavaThread "Cache worker for cache directory md-supplier (C:\Users\prajw\.gradle\caches\5.6.4\md-supplier)" [_thread_blocked, id=11116, stack(0x000000003c400000,0x000000003c500000)]
  0x00000000241c3800 JavaThread "Cache worker for file hash cache (E:\Android Studio Projects\WhatsappClone\.gradle\5.6.4\fileHashes)" [_thread_blocked, id=5140, stack(0x000000003c300000,0x000000003c400000)]
  0x00000000241c4800 JavaThread "Thread-156" [_thread_blocked, id=2376, stack(0x000000003c200000,0x000000003c300000)]
  0x00000000241ba800 JavaThread "Asynchronous log dispatcher for DefaultDaemonConnection: socket connection from /127.0.0.1:50138 to /127.0.0.1:50736" [_thread_blocked, id=1664, stack(0x000000003c000000,0x000000003c100000)]
  0x00000000241c0800 JavaThread "Daemon worker Thread 4" [_thread_blocked, id=6036, stack(0x000000003bf00000,0x000000003c000000)]
  0x00000000241b9000 JavaThread "Cancel handler" [_thread_blocked, id=1224, stack(0x000000003be00000,0x000000003bf00000)]
  0x00000000241bc000 JavaThread "Handler for socket connection from /127.0.0.1:50138 to /127.0.0.1:50736" [_thread_in_native, id=10584, stack(0x000000003bd00000,0x000000003be00000)]
  0x00000000241c0000 JavaThread "Daemon Thread 4" [_thread_blocked, id=8188, stack(0x000000003bc00000,0x000000003bd00000)]
  0x00000000241be800 JavaThread "Cache worker for Java compile cache (C:\Users\prajw\.gradle\caches\5.6.4\javaCompile)" [_thread_blocked, id=5304, stack(0x0000000030350000,0x0000000030450000)]
  0x000000001fde7000 JavaThread "MarlinRenderer Disposer" daemon [_thread_blocked, id=10676, stack(0x0000000026d90000,0x0000000026e90000)]
  0x000000001fde5800 JavaThread "Java2D Disposer" daemon [_thread_blocked, id=5792, stack(0x0000000026a00000,0x0000000026b00000)]
  0x000000001e249000 JavaThread "Cache worker for file content cache (C:\Users\prajw\.gradle\caches\5.6.4\fileContent)" [_thread_blocked, id=7820, stack(0x00000000239d0000,0x0000000023ad0000)]
  0x000000001e248000 JavaThread "Memory manager" [_thread_blocked, id=2452, stack(0x00000000238d0000,0x00000000239d0000)]
  0x000000001a85d000 JavaThread "Cache worker for execution history cache (C:\Users\prajw\.gradle\caches\5.6.4\executionHistory)" [_thread_blocked, id=7252, stack(0x0000000020d80000,0x0000000020e80000)]
  0x000000001a85e800 JavaThread "Cache worker for journal cache (C:\Users\prajw\.gradle\caches\journal-1)" [_thread_blocked, id=7016, stack(0x000000001dbe0000,0x000000001dce0000)]
  0x000000001a85f000 JavaThread "File lock request listener" [_thread_in_native, id=5712, stack(0x000000001dae0000,0x000000001dbe0000)]
  0x000000001b319800 JavaThread "Cache worker for file hash cache (C:\Users\prajw\.gradle\caches\5.6.4\fileHashes)" [_thread_blocked, id=8988, stack(0x000000001d9e0000,0x000000001dae0000)]
  0x000000001b85c800 JavaThread "Daemon periodic checks" [_thread_blocked, id=3656, stack(0x000000001cce0000,0x000000001cde0000)]
  0x000000001912f000 JavaThread "Incoming local TCP Connector on port 50138" [_thread_in_native, id=7888, stack(0x000000001caa0000,0x000000001cba0000)]
  0x000000001915e000 JavaThread "Daemon health stats" [_thread_blocked, id=7852, stack(0x000000001c460000,0x000000001c560000)]
  0x0000000018e7f000 JavaThread "Service Thread" daemon [_thread_blocked, id=8512, stack(0x0000000019ac0000,0x0000000019bc0000)]
  0x0000000018df3800 JavaThread "C1 CompilerThread3" daemon [_thread_in_vm, id=9764, stack(0x00000000199c0000,0x0000000019ac0000)]
  0x0000000018df1000 JavaThread "C2 CompilerThread2" daemon [_thread_blocked, id=7144, stack(0x00000000198c0000,0x00000000199c0000)]
  0x0000000018dee800 JavaThread "C2 CompilerThread1" daemon [_thread_blocked, id=10656, stack(0x00000000197c0000,0x00000000198c0000)]
=>0x0000000018deb800 JavaThread "C2 CompilerThread0" daemon [_thread_in_native, id=7556, stack(0x00000000196c0000,0x00000000197c0000)]
  0x0000000018dea800 JavaThread "Attach Listener" daemon [_thread_blocked, id=7008, stack(0x00000000195c0000,0x00000000196c0000)]
  0x0000000018df6000 JavaThread "Signal Dispatcher" daemon [_thread_blocked, id=8120, stack(0x00000000194c0000,0x00000000195c0000)]
  0x000000000320e000 JavaThread "Finalizer" daemon [_thread_blocked, id=3608, stack(0x00000000192c0000,0x00000000193c0000)]
  0x0000000003205000 JavaThread "Reference Handler" daemon [_thread_blocked, id=9148, stack(0x00000000191c0000,0x00000000192c0000)]
  0x000000000310e000 JavaThread "main" [_thread_blocked, id=1120, stack(0x0000000002f40000,0x0000000003040000)]

Other Threads:
  0x0000000016fc8000 VMThread [stack: 0x0000000018cc0000,0x0000000018dc0000] [id=9152]
  0x0000000018e80000 WatcherThread [stack: 0x0000000019bc0000,0x0000000019cc0000] [id=9556]

VM state:not at safepoint (normal execution)

VM Mutex/Monitor currently owned by a thread: None

heap address: 0x00000000a0000000, size: 1536 MB, Compressed Oops mode: 32-bit
Narrow klass base: 0x0000000000000000, Narrow klass shift: 3
Compressed class space size: 1073741824 Address: 0x0000000100000000

Heap:
 PSYoungGen      total 482304K, used 403176K [0x00000000e0000000, 0x0000000100000000, 0x0000000100000000)
  eden space 442368K, 88% used [0x00000000e0000000,0x00000000f7fc9900,0x00000000fb000000)
  from space 39936K, 25% used [0x00000000fd500000,0x00000000fdef0a28,0x00000000ffc00000)
  to   space 37888K, 0% used [0x00000000fb000000,0x00000000fb000000,0x00000000fd500000)
 ParOldGen       total 191488K, used 133299K [0x00000000a0000000, 0x00000000abb00000, 0x00000000e0000000)
  object space 191488K, 69% used [0x00000000a0000000,0x00000000a822cc28,0x00000000abb00000)
 Metaspace       used 95394K, capacity 99869K, committed 101312K, reserved 1136640K
  class space    used 12184K, capacity 13079K, committed 13528K, reserved 1048576K

Card table byte_map: [0x00000000125d0000,0x00000000128e0000] byte_map_base: 0x00000000120d0000

Marking Bits: (ParMarkBitMap*) 0x0000000054f89f30
 Begin Bits: [0x00000000132e0000, 0x0000000014ae0000)
 End Bits:   [0x0000000014ae0000, 0x00000000162e0000)

Polling page: 0x0000000001710000

CodeCache: size=245760Kb used=65299Kb max_used=65334Kb free=180460Kb
 bounds [0x0000000003210000, 0x0000000007240000, 0x0000000012210000]
 total_blobs=19408 nmethods=18418 adapters=901
 compilation: enabled

Compilation events (10 events):
Event: 7717.792 Thread 0x0000000018df3800 nmethod 23760 0x0000000004286b10 code [0x0000000004286c80, 0x0000000004286f70]
Event: 7717.792 Thread 0x0000000018df3800 23759       3       com.android.utils.XmlUtils::appendXmlAttributeValue (11 bytes)
Event: 7717.792 Thread 0x0000000018df3800 nmethod 23759 0x0000000004a02f90 code [0x0000000004a03100, 0x0000000004a03368]
Event: 7717.792 Thread 0x0000000018df3800 23762       3       com.android.ide.common.xml.XmlPrettyPrinter::visitBeforeChildren (147 bytes)
Event: 7717.793 Thread 0x0000000018dee800 23766       4       com.sun.org.apache.xerces.internal.dom.CoreDocumentImpl::checkQName (94 bytes)
Event: 7717.793 Thread 0x0000000018df3800 nmethod 23762 0x000000000549e090 code [0x000000000549e280, 0x000000000549e838]
Event: 7717.793 Thread 0x0000000018df3800 23763       3       com.android.ide.common.xml.XmlPrettyPrinter::visitAfterChildren (46 bytes)
Event: 7717.793 Thread 0x0000000018df3800 nmethod 23763 0x00000000055bbe90 code [0x00000000055bc000, 0x00000000055bc298]
Event: 7717.793 Thread 0x0000000018df3800 23765       3       com.android.ide.common.xml.XmlPrettyPrinter::isEmptyTag (31 bytes)
Event: 7717.794 Thread 0x0000000018df3800 nmethod 23765 0x0000000005b80ed0 code [0x0000000005b81080, 0x0000000005b81728]

GC Heap History (10 events):
Event: 2151.864 GC heap before
{Heap before GC invocations=48 (full 4):
 PSYoungGen      total 482304K, used 445808K [0x00000000e0000000, 0x0000000100000000, 0x0000000100000000)
  eden space 440320K, 100% used [0x00000000e0000000,0x00000000fae00000,0x00000000fae00000)
  from space 41984K, 13% used [0x00000000fae00000,0x00000000fb35c030,0x00000000fd700000)
  to   space 40960K, 0% used [0x00000000fd800000,0x00000000fd800000,0x0000000100000000)
 ParOldGen       total 191488K, used 97169K [0x00000000a0000000, 0x00000000abb00000, 0x00000000e0000000)
  object space 191488K, 50% used [0x00000000a0000000,0x00000000a5ee47f8,0x00000000abb00000)
 Metaspace       used 94730K, capacity 99259K, committed 100800K, reserved 1136640K
  class space    used 12149K, capacity 13064K, committed 13528K, reserved 1048576K
Event: 2152.461 GC heap after
Heap after GC invocations=48 (full 4):
 PSYoungGen      total 478208K, used 5497K [0x00000000e0000000, 0x00000000ffc00000, 0x0000000100000000)
  eden space 441344K, 0% used [0x00000000e0000000,0x00000000e0000000,0x00000000faf00000)
  from space 36864K, 14% used [0x00000000fd800000,0x00000000fdd5e798,0x00000000ffc00000)
  to   space 39424K, 0% used [0x00000000faf00000,0x00000000faf00000,0x00000000fd580000)
 ParOldGen       total 191488K, used 101188K [0x00000000a0000000, 0x00000000abb00000, 0x00000000e0000000)
  object space 191488K, 52% used [0x00000000a0000000,0x00000000a62d1118,0x00000000abb00000)
 Metaspace       used 94730K, capacity 99259K, committed 100800K, reserved 1136640K
  class space    used 12149K, capacity 13064K, committed 13528K, reserved 1048576K
}
Event: 2152.973 GC heap before
{Heap before GC invocations=49 (full 4):
 PSYoungGen      total 478208K, used 446841K [0x00000000e0000000, 0x00000000ffc00000, 0x0000000100000000)
  eden space 441344K, 100% used [0x00000000e0000000,0x00000000faf00000,0x00000000faf00000)
  from space 36864K, 14% used [0x00000000fd800000,0x00000000fdd5e798,0x00000000ffc00000)
  to   space 39424K, 0% used [0x00000000faf00000,0x00000000faf00000,0x00000000fd580000)
 ParOldGen       total 191488K, used 101188K [0x00000000a0000000, 0x00000000abb00000, 0x00000000e0000000)
  object space 191488K, 52% used [0x00000000a0000000,0x00000000a62d1118,0x00000000abb00000)
 Metaspace       used 94748K, capacity 99265K, committed 100800K, reserved 1136640K
  class space    used 12150K, capacity 13065K, committed 13528K, reserved 1048576K
Event: 2153.348 GC heap after
Heap after GC invocations=49 (full 4):
 PSYoungGen      total 480768K, used 27832K [0x00000000e0000000, 0x0000000100000000, 0x0000000100000000)
  eden space 441344K, 0% used [0x00000000e0000000,0x00000000e0000000,0x00000000faf00000)
  from space 39424K, 70% used [0x00000000faf00000,0x00000000fca2e388,0x00000000fd580000)
  to   space 42496K, 0% used [0x00000000fd680000,0x00000000fd680000,0x0000000100000000)
 ParOldGen       total 191488K, used 105946K [0x00000000a0000000, 0x00000000abb00000, 0x00000000e0000000)
  object space 191488K, 55% used [0x00000000a0000000,0x00000000a6776a40,0x00000000abb00000)
 Metaspace       used 94748K, capacity 99265K, committed 100800K, reserved 1136640K
  class space    used 12150K, capacity 13065K, committed 13528K, reserved 1048576K
}
Event: 2154.049 GC heap before
{Heap before GC invocations=50 (full 4):
 PSYoungGen      total 480768K, used 469176K [0x00000000e0000000, 0x0000000100000000, 0x0000000100000000)
  eden space 441344K, 100% used [0x00000000e0000000,0x00000000faf00000,0x00000000faf00000)
  from space 39424K, 70% used [0x00000000faf00000,0x00000000fca2e388,0x00000000fd580000)
  to   space 42496K, 0% used [0x00000000fd680000,0x00000000fd680000,0x0000000100000000)
 ParOldGen       total 191488K, used 105946K [0x00000000a0000000, 0x00000000abb00000, 0x00000000e0000000)
  object space 191488K, 55% used [0x00000000a0000000,0x00000000a6776a40,0x00000000abb00000)
 Metaspace       used 94768K, capacity 99329K, committed 100800K, reserved 1136640K
  class space    used 12150K, capacity 13065K, committed 13528K, reserved 1048576K
Event: 2156.281 GC heap after
Heap after GC invocations=50 (full 4):
 PSYoungGen      total 482816K, used 4032K [0x00000000e0000000, 0x0000000100000000, 0x0000000100000000)
  eden space 440320K, 0% used [0x00000000e0000000,0x00000000e0000000,0x00000000fae00000)
  from space 42496K, 9% used [0x00000000fd680000,0x00000000fda70000,0x0000000100000000)
  to   space 41472K, 0% used [0x00000000fae00000,0x00000000fae00000,0x00000000fd680000)
 ParOldGen       total 191488K, used 126881K [0x00000000a0000000, 0x00000000abb00000, 0x00000000e0000000)
  object space 191488K, 66% used [0x00000000a0000000,0x00000000a7be8758,0x00000000abb00000)
 Metaspace       used 94768K, capacity 99329K, committed 100800K, reserved 1136640K
  class space    used 12150K, capacity 13065K, committed 13528K, reserved 1048576K
}
Event: 2156.922 GC heap before
{Heap before GC invocations=51 (full 4):
 PSYoungGen      total 482816K, used 444352K [0x00000000e0000000, 0x0000000100000000, 0x0000000100000000)
  eden space 440320K, 100% used [0x00000000e0000000,0x00000000fae00000,0x00000000fae00000)
  from space 42496K, 9% used [0x00000000fd680000,0x00000000fda70000,0x0000000100000000)
  to   space 41472K, 0% used [0x00000000fae00000,0x00000000fae00000,0x00000000fd680000)
 ParOldGen       total 191488K, used 126881K [0x00000000a0000000, 0x00000000abb00000, 0x00000000e0000000)
  object space 191488K, 66% used [0x00000000a0000000,0x00000000a7be8758,0x00000000abb00000)
 Metaspace       used 94779K, capacity 99329K, committed 100800K, reserved 1136640K
  class space    used 12151K, capacity 13065K, committed 13528K, reserved 1048576K
Event: 2157.134 GC heap after
Heap after GC invocations=51 (full 4):
 PSYoungGen      total 445440K, used 5030K [0x00000000e0000000, 0x00000000ffc00000, 0x0000000100000000)
  eden space 440320K, 0% used [0x00000000e0000000,0x00000000e0000000,0x00000000fae00000)
  from space 5120K, 98% used [0x00000000fae00000,0x00000000fb2e9b28,0x00000000fb300000)
  to   space 39936K, 0% used [0x00000000fd500000,0x00000000fd500000,0x00000000ffc00000)
 ParOldGen       total 191488K, used 130291K [0x00000000a0000000, 0x00000000abb00000, 0x00000000e0000000)
  object space 191488K, 68% used [0x00000000a0000000,0x00000000a7f3cf08,0x00000000abb00000)
 Metaspace       used 94779K, capacity 99329K, committed 100800K, reserved 1136640K
  class space    used 12151K, capacity 13065K, committed 13528K, reserved 1048576K
}
Event: 2158.896 GC heap before
{Heap before GC invocations=52 (full 4):
 PSYoungGen      total 445440K, used 445313K [0x00000000e0000000, 0x00000000ffc00000, 0x0000000100000000)
  eden space 440320K, 99% used [0x00000000e0000000,0x00000000fadf6b30,0x00000000fae00000)
  from space 5120K, 98% used [0x00000000fae00000,0x00000000fb2e9b28,0x00000000fb300000)
  to   space 39936K, 0% used [0x00000000fd500000,0x00000000fd500000,0x00000000ffc00000)
 ParOldGen       total 191488K, used 130291K [0x00000000a0000000, 0x00000000abb00000, 0x00000000e0000000)
  object space 191488K, 68% used [0x00000000a0000000,0x00000000a7f3cf08,0x00000000abb00000)
 Metaspace       used 94803K, capacity 99329K, committed 100800K, reserved 1136640K
  class space    used 12151K, capacity 13065K, committed 13528K, reserved 1048576K
Event: 2158.969 GC heap after
Heap after GC invocations=52 (full 4):
 PSYoungGen      total 482304K, used 10178K [0x00000000e0000000, 0x0000000100000000, 0x0000000100000000)
  eden space 442368K, 0% used [0x00000000e0000000,0x00000000e0000000,0x00000000fb000000)
  from space 39936K, 25% used [0x00000000fd500000,0x00000000fdef0a28,0x00000000ffc00000)
  to   space 37888K, 0% used [0x00000000fb000000,0x00000000fb000000,0x00000000fd500000)
 ParOldGen       total 191488K, used 133299K [0x00000000a0000000, 0x00000000abb00000, 0x00000000e0000000)
  object space 191488K, 69% used [0x00000000a0000000,0x00000000a822cc28,0x00000000abb00000)
 Metaspace       used 94803K, capacity 99329K, committed 100800K, reserved 1136640K
  class space    used 12151K, capacity 13065K, committed 13528K, reserved 1048576K
}

Deoptimization events (10 events):
Event: 7711.859 Thread 0x000000001fde3000 Uncommon trap: reason=unstable_if action=reinterpret pc=0x00000000049bc6a8 method=com.sun.org.apache.xerces.internal.dom.ElementNSImpl.getNamespaceURI()Ljava/lang/String; @ 4
Event: 7711.981 Thread 0x000000001fde3000 Uncommon trap: reason=unstable_if action=reinterpret pc=0x00000000053fbf94 method=com.sun.org.apache.xerces.internal.dom.DeferredDocumentImpl.getTypeInfo(I)Ljava/lang/Object; @ 24
Event: 7712.250 Thread 0x000000001fde3000 Uncommon trap: reason=unstable_if action=reinterpret pc=0x00000000071d73bc method=com.sun.org.apache.xerces.internal.dom.DeferredDocumentImpl.getTypeInfo(I)Ljava/lang/Object; @ 24
Event: 7712.281 Thread 0x000000001fde3000 Uncommon trap: reason=unstable_if action=reinterpret pc=0x0000000006ce6390 method=com.sun.org.apache.xerces.internal.dom.DeferredAttrNSImpl.synchronizeData()V @ 36
Event: 7712.282 Thread 0x000000001fde3000 Uncommon trap: reason=class_check action=maybe_recompile pc=0x00000000049c9088 method=com.android.ide.common.resources.NodeUtils.processSingleNodeNamespace(Lorg/w3c/dom/Node;Lorg/w3c/dom/Document;)Z @ 100
Event: 7712.282 Thread 0x000000001fde3000 Uncommon trap: reason=class_check action=maybe_recompile pc=0x00000000049c901c method=com.android.ide.common.resources.NodeUtils.processSingleNodeNamespace(Lorg/w3c/dom/Node;Lorg/w3c/dom/Document;)Z @ 100
Event: 7712.448 Thread 0x000000001fde3000 Uncommon trap: reason=class_check action=maybe_recompile pc=0x00000000049c901c method=com.android.ide.common.resources.NodeUtils.processSingleNodeNamespace(Lorg/w3c/dom/Node;Lorg/w3c/dom/Document;)Z @ 100
Event: 7712.508 Thread 0x000000001fde3000 Uncommon trap: reason=class_check action=maybe_recompile pc=0x00000000049c9088 method=com.android.ide.common.resources.NodeUtils.processSingleNodeNamespace(Lorg/w3c/dom/Node;Lorg/w3c/dom/Document;)Z @ 100
Event: 7712.510 Thread 0x000000001fde3000 Uncommon trap: reason=class_check action=maybe_recompile pc=0x000000000485d9dc method=com.android.ide.common.resources.NodeUtils.processSingleNodeNamespace(Lorg/w3c/dom/Node;Lorg/w3c/dom/Document;)Z @ 100
Event: 7713.177 Thread 0x000000001fde3000 Uncommon trap: reason=unstable_if action=reinterpret pc=0x00000000049b8aa8 method=com.android.utils.XmlUtils.toXmlAttributeValue(Ljava/lang/String;)Ljava/lang/String; @ 27

Classes redefined (0 events):
No events

Internal exceptions (10 events):
Event: 2158.864 Thread 0x000000001de35000 Exception <a 'sun/nio/fs/WindowsException'> (0x00000000fab01720) thrown at [D:\src\AOSP-openjdk-cygwin\jdk8u\hotspot\src\share\vm\prims\jni.cpp, line 710]
Event: 2160.126 Thread 0x00000000241c5000 Exception <a 'sun/nio/fs/WindowsException'> (0x00000000ebb6a6f0) thrown at [D:\src\AOSP-openjdk-cygwin\jdk8u\hotspot\src\share\vm\prims\jni.cpp, line 710]
Event: 2160.768 Thread 0x000000001de2b000 Implicit null exception at 0x000000000507588c to 0x00000000050758d1
Event: 2161.654 Thread 0x000000001e240800 Exception <a 'sun/nio/fs/WindowsException'> (0x00000000ec6b65d8) thrown at [D:\src\AOSP-openjdk-cygwin\jdk8u\hotspot\src\share\vm\prims\jni.cpp, line 710]
Event: 2161.654 Thread 0x000000001e240800 Exception <a 'sun/nio/fs/WindowsException'> (0x00000000ec6b6ad8) thrown at [D:\src\AOSP-openjdk-cygwin\jdk8u\hotspot\src\share\vm\prims\jni.cpp, line 710]
Event: 2162.677 Thread 0x000000001fde0000 Exception <a 'sun/nio/fs/WindowsException'> (0x00000000ebdc8e48) thrown at [D:\src\AOSP-openjdk-cygwin\jdk8u\hotspot\src\share\vm\prims\jni.cpp, line 710]
Event: 7681.080 Thread 0x00000000241c0800 Exception <a 'sun/nio/fs/WindowsException'> (0x00000000f1e6ad68) thrown at [D:\src\AOSP-openjdk-cygwin\jdk8u\hotspot\src\share\vm\prims\jni.cpp, line 710]
Event: 7708.191 Thread 0x000000001fde3000 Implicit null exception at 0x0000000003e9329e to 0x0000000003e93421
Event: 7711.981 Thread 0x000000001fde3000 Implicit null exception at 0x00000000053fbef5 to 0x00000000053fbf79
Event: 7712.250 Thread 0x000000001fde3000 Implicit null exception at 0x00000000071d0f57 to 0x00000000071d7389

Events (10 events):
Event: 7717.654 Executing VM operation: RevokeBias
Event: 7717.712 Executing VM operation: RevokeBias done
Event: 7717.712 Executing VM operation: RevokeBias
Event: 7717.712 Executing VM operation: RevokeBias done
Event: 7717.712 Executing VM operation: RevokeBias
Event: 7717.712 Executing VM operation: RevokeBias done
Event: 7717.761 Executing VM operation: RevokeBias
Event: 7717.761 Executing VM operation: RevokeBias done
Event: 7717.761 Executing VM operation: BulkRevokeBias
Event: 7717.762 Executing VM operation: BulkRevokeBias done


Dynamic libraries:
0x00007ff7f5e30000 - 0x00007ff7f5e61000 	C:\Program Files\Android\Android Studio\jre\bin\java.exe
0x00007ffd354a0000 - 0x00007ffd3568d000 	C:\Windows\SYSTEM32\ntdll.dll
0x00007ffd32990000 - 0x00007ffd32a43000 	C:\Windows\System32\KERNEL32.DLL
0x00007ffd31560000 - 0x00007ffd317f5000 	C:\Windows\System32\KERNELBASE.dll
0x00007ffd331b0000 - 0x00007ffd33253000 	C:\Windows\System32\ADVAPI32.dll
0x00007ffd32ab0000 - 0x00007ffd32b4e000 	C:\Windows\System32\msvcrt.dll
0x00007ffd326c0000 - 0x00007ffd3275e000 	C:\Windows\System32\sechost.dll
0x00007ffd332f0000 - 0x00007ffd33412000 	C:\Windows\System32\RPCRT4.dll
0x00007ffd352d0000 - 0x00007ffd35467000 	C:\Windows\System32\USER32.dll
0x00007ffd32140000 - 0x00007ffd32160000 	C:\Windows\System32\win32u.dll
0x00007ffd33720000 - 0x00007ffd33749000 	C:\Windows\System32\GDI32.dll
0x00007ffd31800000 - 0x00007ffd31999000 	C:\Windows\System32\gdi32full.dll
0x00007ffd32360000 - 0x00007ffd32400000 	C:\Windows\System32\msvcp_win.dll
0x00007ffd324b0000 - 0x00007ffd325aa000 	C:\Windows\System32\ucrtbase.dll
0x00007ffd19930000 - 0x00007ffd19ba9000 	C:\Windows\WinSxS\amd64_microsoft.windows.common-controls_6595b64144ccf1df_6.0.17763.1158_none_de722d88534a897f\COMCTL32.dll
0x00007ffd34e70000 - 0x00007ffd3519c000 	C:\Windows\System32\combase.dll
0x00007ffd32430000 - 0x00007ffd324ae000 	C:\Windows\System32\bcryptPrimitives.dll
0x00007ffd35220000 - 0x00007ffd3524e000 	C:\Windows\System32\IMM32.DLL
0x0000000054600000 - 0x00000000546d2000 	C:\Program Files\Android\Android Studio\jre\jre\bin\msvcr100.dll
0x00000000547c0000 - 0x0000000055006000 	C:\Program Files\Android\Android Studio\jre\jre\bin\server\jvm.dll
0x00007ffd332e0000 - 0x00007ffd332e8000 	C:\Windows\System32\PSAPI.DLL
0x00007ffd2fc80000 - 0x00007ffd2fc8a000 	C:\Windows\SYSTEM32\VERSION.dll
0x00007ffd2cbd0000 - 0x00007ffd2cbf4000 	C:\Windows\SYSTEM32\WINMM.dll
0x00007ffd22900000 - 0x00007ffd22909000 	C:\Windows\SYSTEM32\WSOCK32.dll
0x00007ffd33580000 - 0x00007ffd335ed000 	C:\Windows\System32\WS2_32.dll
0x00007ffd2cba0000 - 0x00007ffd2cbcd000 	C:\Windows\SYSTEM32\winmmbase.dll
0x00007ffd320f0000 - 0x00007ffd3213a000 	C:\Windows\System32\cfgmgr32.dll
0x00007ffd29870000 - 0x00007ffd2987f000 	C:\Program Files\Android\Android Studio\jre\jre\bin\verify.dll
0x00007ffd176e0000 - 0x00007ffd17709000 	C:\Program Files\Android\Android Studio\jre\jre\bin\java.dll
0x00007ffd29850000 - 0x00007ffd29866000 	C:\Program Files\Android\Android Studio\jre\jre\bin\zip.dll
0x00007ffd33970000 - 0x00007ffd34e64000 	C:\Windows\System32\SHELL32.dll
0x00007ffd33100000 - 0x00007ffd331a8000 	C:\Windows\System32\shcore.dll
0x00007ffd319a0000 - 0x00007ffd320ed000 	C:\Windows\System32\windows.storage.dll
0x00007ffd31510000 - 0x00007ffd31534000 	C:\Windows\System32\profapi.dll
0x00007ffd314b0000 - 0x00007ffd3150d000 	C:\Windows\System32\powrprof.dll
0x00007ffd351c0000 - 0x00007ffd35212000 	C:\Windows\System32\shlwapi.dll
0x00007ffd31490000 - 0x00007ffd314a1000 	C:\Windows\System32\kernel.appcore.dll
0x00007ffd32160000 - 0x00007ffd32177000 	C:\Windows\System32\cryptsp.dll
0x00007ffd1d170000 - 0x00007ffd1d18a000 	C:\Program Files\Android\Android Studio\jre\jre\bin\net.dll
0x00007ffd1da20000 - 0x00007ffd1dbf7000 	C:\Windows\SYSTEM32\urlmon.dll
0x00007ffd1d770000 - 0x00007ffd1da18000 	C:\Windows\SYSTEM32\iertutil.dll
0x00007ffd30ed0000 - 0x00007ffd30edc000 	C:\Windows\SYSTEM32\CRYPTBASE.DLL
0x00007ffd30d00000 - 0x00007ffd30d67000 	C:\Windows\system32\mswsock.dll
0x00007ffd176c0000 - 0x00007ffd176d3000 	C:\Program Files\Android\Android Studio\jre\jre\bin\nio.dll
0x00007ffd23960000 - 0x00007ffd23986000 	C:\Users\prajw\.gradle\native\30\windows-amd64\native-platform.dll
0x00007ffd237f0000 - 0x00007ffd237fd000 	C:\Program Files\Android\Android Studio\jre\jre\bin\management.dll
0x00007ffd30880000 - 0x00007ffd308b3000 	C:\Windows\system32\rsaenh.dll
0x00007ffd32400000 - 0x00007ffd32426000 	C:\Windows\System32\bcrypt.dll
0x00007ffd31390000 - 0x00007ffd313b8000 	C:\Windows\SYSTEM32\USERENV.dll
0x00007ffd30a20000 - 0x00007ffd30a5d000 	C:\Windows\SYSTEM32\IPHLPAPI.DLL
0x00007ffd33260000 - 0x00007ffd33268000 	C:\Windows\System32\NSI.dll
0x00007ffd24f30000 - 0x00007ffd24f46000 	C:\Windows\SYSTEM32\dhcpcsvc6.DLL
0x00007ffd25c60000 - 0x00007ffd25c7c000 	C:\Windows\SYSTEM32\dhcpcsvc.DLL
0x00007ffd30a60000 - 0x00007ffd30b27000 	C:\Windows\SYSTEM32\DNSAPI.dll
0x00007ffcfc810000 - 0x00007ffcfc9ac000 	C:\Program Files\Android\Android Studio\jre\jre\bin\awt.dll
0x00007ffd335f0000 - 0x00007ffd336b4000 	C:\Windows\System32\OLEAUT32.dll
0x00007ffd2ee30000 - 0x00007ffd2ee5e000 	C:\Windows\SYSTEM32\dwmapi.dll
0x00007ffd32180000 - 0x00007ffd3235c000 	C:\Windows\System32\CRYPT32.dll
0x00007ffd2dcc0000 - 0x00007ffd2e27e000 	C:\Windows\SYSTEM32\d2d1.dll
0x00007ffd31540000 - 0x00007ffd31552000 	C:\Windows\System32\MSASN1.dll
0x00007ffd2e9c0000 - 0x00007ffd2ea4c000 	C:\Windows\SYSTEM32\apphelp.dll
0x00007ffd2eab0000 - 0x00007ffd2eb4c000 	C:\Windows\system32\uxtheme.dll

VM Arguments:
jvm_args: -Xmx1536m -Dfile.encoding=windows-1252 -Duser.country=US -Duser.language=en -Duser.variant 
java_command: org.gradle.launcher.daemon.bootstrap.GradleDaemon 5.6.4
java_class_path (initial): C:\Users\prajw\.gradle\wrapper\dists\gradle-5.6.4-all\ankdp27end7byghfw1q2sw75f\gradle-5.6.4\lib\gradle-launcher-5.6.4.jar
Launcher Type: SUN_STANDARD

Environment Variables:
JAVA_HOME=C:\JAVA\bin
PATH=C:\Program Files (x86)\Common Files\Oracle\Java\javapath;C:\Program Files (x86)\Intel\Intel(R) Management Engine Components\iCLS\;C:\Program Files\Intel\Intel(R) Management Engine Components\iCLS\;C:\Windows\system32;C:\Windows;C:\Windows\System32\Wbem;C:\Windows\System32\WindowsPowerShell\v1.0\;C:\Windows\System32\OpenSSH\;C:\Program Files (x86)\NVIDIA Corporation\PhysX\Common;C:\Program Files (x86)\Intel\Intel(R) Management Engine Components\DAL;C:\Program Files\Intel\Intel(R) Management Engine Components\DAL;C:\Program Files (x86)\Intel\Intel(R) Management Engine Components\IPT;C:\Program Files\Intel\Intel(R) Management Engine Components\IPT;C:\Program Files\Git\cmd;C:\Program Files\Git\mingw64\bin;C:\Program Files\Git\usr\bin;C:\Users\prajw\Anaconda3;C:\Users\prajw\Anaconda3\Library\mingw-w64\bin;C:\Users\prajw\Anaconda3\Library\usr\bin;C:\Users\prajw\Anaconda3\Library\bin;C:\Users\prajw\Anaconda3\Scripts;C:\Users\prajw\AppData\Local\Microsoft\WindowsApps
USERNAME=prajw
OS=Windows_NT
PROCESSOR_IDENTIFIER=Intel64 Family 6 Model 142 Stepping 10, GenuineIntel



---------------  S Y S T E M  ---------------

OS: Windows 10.0 , 64 bit Build 17763 (10.0.17763.1158)

CPU:total 8 (initial active 8) (4 cores per cpu, 2 threads per core) family 6 model 142 stepping 10, cmov, cx8, fxsr, mmx, sse, sse2, sse3, ssse3, sse4.1, sse4.2, popcnt, avx, avx2, aes, clmul, erms, 3dnowpref, lzcnt, ht, tsc, tscinvbit, bmi1, bmi2, adx

Memory: 4k page, physical 8268424k(787500k free), swap 33434248k(0k free)

vm_info: OpenJDK 64-Bit Server VM (25.212-b04) for windows-amd64 JRE (1.8.0_212-release-1586-b04), built by "builder" with MS VC++ 10.0 (VS2010)

time: Thu Apr 23 00:24:50 2020
timezone: India Standard Time
elapsed time: 7719 seconds (0d 2h 8m 39s)

