#
# There is insufficient memory for the Java Runtime Environment to continue.
# Native memory allocation (malloc) failed to allocate 2225296 bytes for Chunk::new
# Possible reasons:
#   The system is out of physical RAM or swap space
#   The process is running with CompressedOops enabled, and the Java Heap may be blocking the growth of the native heap
# Possible solutions:
#   Reduce memory load on the system
#   Increase physical memory or swap space
#   Check if swap backing store is full
#   Decrease Java heap size (-Xmx/-Xms)
#   Decrease number of Java threads
#   Decrease Java thread stack sizes (-Xss)
#   Set larger code cache with -XX:ReservedCodeCacheSize=
#   JVM is running with Unscaled Compressed Oops mode in which the Java heap is
#     placed in the first 4GB address space. The Java Heap base address is the
#     maximum limit for the native heap growth. Please use -XX:HeapBaseMinAddress
#     to set the Java Heap base and to place the Java Heap above 4GB virtual address.
# This output file may be truncated or incomplete.
#
#  Out of Memory Error (allocation.cpp:389), pid=5540, tid=0x0000000000001eec
#
# JRE version: OpenJDK Runtime Environment (8.0_212-b04) (build 1.8.0_212-release-1586-b04)
# Java VM: OpenJDK 64-Bit Server VM (25.212-b04 mixed mode windows-amd64 compressed oops)
# Failed to write core dump. Minidumps are not enabled by default on client versions of Windows
#

---------------  T H R E A D  ---------------

Current thread (0x0000000018a5b800):  JavaThread "C2 CompilerThread0" daemon [_thread_in_native, id=7916, stack(0x0000000019330000,0x0000000019430000)]

Stack: [0x0000000019330000,0x0000000019430000]
[error occurred during error reporting (printing stack bounds), id 0xc0000005]

Native frames: (J=compiled Java code, j=interpreted, Vv=VM code, C=native code)


Current CompileTask:
C2:  15232 6437       4       java.net.URLClassLoader$1::run (5 bytes)


---------------  P R O C E S S  ---------------

Java Threads: ( => current thread )
  0x000000001a79f800 JavaThread "Cache worker for execution history cache (E:\Android Studio Projects\WhatsappClone\.gradle\5.6.4\executionHistory)" [_thread_blocked, id=1288, stack(0x00000000266f0000,0x00000000267f0000)]
  0x0000000021e27000 JavaThread "Execution worker for ':' Thread 7" [_thread_blocked, id=10444, stack(0x00000000265f0000,0x00000000266f0000)]
  0x0000000021e26000 JavaThread "Execution worker for ':' Thread 6" [_thread_blocked, id=10368, stack(0x00000000264f0000,0x00000000265f0000)]
  0x0000000021e25800 JavaThread "Execution worker for ':' Thread 5" [_thread_blocked, id=1640, stack(0x00000000263f0000,0x00000000264f0000)]
  0x0000000021e24800 JavaThread "Execution worker for ':' Thread 4" [_thread_blocked, id=228, stack(0x00000000262f0000,0x00000000263f0000)]
  0x0000000021e24000 JavaThread "Execution worker for ':' Thread 3" [_thread_blocked, id=7360, stack(0x00000000261f0000,0x00000000262f0000)]
  0x0000000021e23000 JavaThread "Execution worker for ':' Thread 2" [_thread_blocked, id=5892, stack(0x00000000260f0000,0x00000000261f0000)]
  0x0000000021e1b800 JavaThread "Execution worker for ':'" [_thread_blocked, id=10860, stack(0x0000000025b70000,0x0000000025c70000)]
  0x0000000021e22800 JavaThread "Cache worker for file content cache (E:\Android Studio Projects\WhatsappClone\.gradle\5.6.4\fileContent)" [_thread_blocked, id=2516, stack(0x0000000025870000,0x0000000025970000)]
  0x0000000021e1b000 JavaThread "Cache worker for file content cache (C:\Users\prajw\.gradle\caches\5.6.4\fileContent)" [_thread_blocked, id=3508, stack(0x0000000025770000,0x0000000025870000)]
  0x0000000021e1c800 JavaThread "Memory manager" [_thread_blocked, id=10708, stack(0x0000000025670000,0x0000000025770000)]
  0x0000000021e21000 JavaThread "Cache worker for Build Output Cleanup Cache (E:\Android Studio Projects\WhatsappClone\.gradle\buildOutputCleanup)" [_thread_blocked, id=8096, stack(0x0000000024d70000,0x0000000024e70000)]
  0x0000000021e20000 JavaThread "pool-1-thread-1" [_thread_blocked, id=10908, stack(0x0000000024a70000,0x0000000024b70000)]
  0x0000000021e18800 JavaThread "Build operations Thread 8" [_thread_blocked, id=1100, stack(0x0000000024770000,0x0000000024870000)]
  0x0000000021e18000 JavaThread "Build operations Thread 7" [_thread_blocked, id=7036, stack(0x0000000024670000,0x0000000024770000)]
  0x0000000021e1d000 JavaThread "Build operations Thread 6" [_thread_blocked, id=3860, stack(0x0000000024570000,0x0000000024670000)]
  0x0000000021e1a000 JavaThread "Build operations Thread 5" [_thread_blocked, id=11004, stack(0x0000000024470000,0x0000000024570000)]
  0x0000000021e1e000 JavaThread "Build operations Thread 4" [_thread_blocked, id=10720, stack(0x0000000024370000,0x0000000024470000)]
  0x0000000021e19800 JavaThread "Build operations Thread 3" [_thread_blocked, id=6324, stack(0x0000000023220000,0x0000000023320000)]
  0x0000000021e1e800 JavaThread "Build operations Thread 2" [_thread_blocked, id=5652, stack(0x0000000023120000,0x0000000023220000)]
  0x0000000019b29800 JavaThread "Build operations" [_thread_blocked, id=10280, stack(0x0000000022d90000,0x0000000022e90000)]
  0x0000000019b28000 JavaThread "Cache worker for execution history cache (C:\Users\prajw\.gradle\caches\5.6.4\executionHistory)" [_thread_in_native, id=10884, stack(0x0000000022c90000,0x0000000022d90000)]
  0x0000000019b2d000 JavaThread "Cache worker for cache directory md-rule (C:\Users\prajw\.gradle\caches\5.6.4\md-rule)" [_thread_blocked, id=10592, stack(0x0000000022900000,0x0000000022a00000)]
  0x0000000019b2a000 JavaThread "Cache worker for cache directory md-supplier (C:\Users\prajw\.gradle\caches\5.6.4\md-supplier)" [_thread_blocked, id=7056, stack(0x0000000020430000,0x0000000020530000)]
  0x0000000019b2e800 JavaThread "Cache worker for file hash cache (E:\Android Studio Projects\WhatsappClone\.gradle\5.6.4\fileHashes)" [_thread_blocked, id=4508, stack(0x000000001e920000,0x000000001ea20000)]
  0x0000000019b2e000 JavaThread "Cache worker for journal cache (C:\Users\prajw\.gradle\caches\journal-1)" [_thread_blocked, id=6212, stack(0x000000001d850000,0x000000001d950000)]
  0x000000001a602000 JavaThread "File lock request listener" [_thread_in_native, id=10468, stack(0x000000001d750000,0x000000001d850000)]
  0x000000001a601800 JavaThread "Cache worker for file hash cache (C:\Users\prajw\.gradle\caches\5.6.4\fileHashes)" [_thread_blocked, id=3384, stack(0x000000001d650000,0x000000001d750000)]
  0x000000001b301800 JavaThread "Thread-9" [_thread_blocked, id=5600, stack(0x000000001d350000,0x000000001d450000)]
  0x000000001b464800 JavaThread "Stdin handler" [_thread_blocked, id=1456, stack(0x000000001d250000,0x000000001d350000)]
  0x000000001b464000 JavaThread "Asynchronous log dispatcher for DefaultDaemonConnection: socket connection from /127.0.0.1:50987 to /127.0.0.1:50988" [_thread_blocked, id=9932, stack(0x000000001d050000,0x000000001d150000)]
  0x000000001b3e8000 JavaThread "Daemon worker" [_thread_blocked, id=4588, stack(0x000000001cf50000,0x000000001d050000)]
  0x000000001b3e7800 JavaThread "Cancel handler" [_thread_blocked, id=5104, stack(0x000000001ce50000,0x000000001cf50000)]
  0x000000001b3cb800 JavaThread "Handler for socket connection from /127.0.0.1:50987 to /127.0.0.1:50988" [_thread_in_native, id=6260, stack(0x000000001cb50000,0x000000001cc50000)]
  0x000000001b3be000 JavaThread "Daemon" [_thread_blocked, id=10376, stack(0x000000001ca50000,0x000000001cb50000)]
  0x000000001b2b3800 JavaThread "Daemon periodic checks" [_thread_blocked, id=11096, stack(0x000000001c950000,0x000000001ca50000)]
  0x000000001b2b1000 JavaThread "Incoming local TCP Connector on port 50987" [_thread_in_native, id=2596, stack(0x000000001c710000,0x000000001c810000)]
  0x000000001b0f8800 JavaThread "Daemon health stats" [_thread_blocked, id=8772, stack(0x000000001c0d0000,0x000000001c1d0000)]
  0x0000000018a71800 JavaThread "Service Thread" daemon [_thread_blocked, id=144, stack(0x0000000019730000,0x0000000019830000)]
  0x0000000016c6e000 JavaThread "C1 CompilerThread3" daemon [_thread_blocked, id=2560, stack(0x0000000019630000,0x0000000019730000)]
  0x0000000018a61000 JavaThread "C2 CompilerThread2" daemon [_thread_blocked, id=10600, stack(0x0000000019530000,0x0000000019630000)]
  0x0000000018a5e800 JavaThread "C2 CompilerThread1" daemon [_thread_blocked, id=3284, stack(0x0000000019430000,0x0000000019530000)]
=>0x0000000018a5b800 JavaThread "C2 CompilerThread0" daemon [_thread_in_native, id=7916, stack(0x0000000019330000,0x0000000019430000)]
  0x0000000018a5a800 JavaThread "Attach Listener" daemon [_thread_blocked, id=1472, stack(0x0000000019230000,0x0000000019330000)]
  0x0000000018a66000 JavaThread "Signal Dispatcher" daemon [_thread_blocked, id=1448, stack(0x0000000019130000,0x0000000019230000)]
  0x0000000018a50800 JavaThread "Finalizer" daemon [_thread_blocked, id=2796, stack(0x0000000018f30000,0x0000000019030000)]
  0x0000000002e96800 JavaThread "Reference Handler" daemon [_thread_blocked, id=7152, stack(0x0000000018e30000,0x0000000018f30000)]
  0x000000000106e000 JavaThread "main" [_thread_blocked, id=1128, stack(0x0000000002c70000,0x0000000002d70000)]

Other Threads:
  0x0000000016c58800 VMThread [stack: 0x0000000018930000,0x0000000018a30000] [id=7304]
  0x0000000018a72800 WatcherThread [stack: 0x0000000019830000,0x0000000019930000] [id=5924]

VM state:not at safepoint (normal execution)

VM Mutex/Monitor currently owned by a thread: None

heap address: 0x00000000a0000000, size: 1536 MB, Compressed Oops mode: 32-bit
Narrow klass base: 0x0000000000000000, Narrow klass shift: 3
Compressed class space size: 1073741824 Address: 0x0000000100000000

Heap:
 PSYoungGen      total 159744K, used 57046K [0x00000000e0000000, 0x00000000ed600000, 0x0000000100000000)
  eden space 140288K, 40% used [0x00000000e0000000,0x00000000e37b5b30,0x00000000e8900000)
  from space 19456K, 0% used [0x00000000ec300000,0x00000000ec300000,0x00000000ed600000)
  to   space 15360K, 0% used [0x00000000e8900000,0x00000000e8900000,0x00000000e9800000)
 ParOldGen       total 86016K, used 31592K [0x00000000a0000000, 0x00000000a5400000, 0x00000000e0000000)
  object space 86016K, 36% used [0x00000000a0000000,0x00000000a1eda358,0x00000000a5400000)
 Metaspace       used 58173K, capacity 60522K, committed 60696K, reserved 1101824K
  class space    used 8055K, capacity 8618K, committed 8728K, reserved 1048576K

Card table byte_map: [0x0000000012260000,0x0000000012570000] byte_map_base: 0x0000000011d60000

Marking Bits: (ParMarkBitMap*) 0x00000000737d9f30
 Begin Bits: [0x0000000012f70000, 0x0000000014770000)
 End Bits:   [0x0000000014770000, 0x0000000015f70000)

Polling page: 0x0000000000be0000

CodeCache: size=245760Kb used=18691Kb max_used=19026Kb free=227068Kb
 bounds [0x0000000002ea0000, 0x0000000004150000, 0x0000000011ea0000]
 total_blobs=6719 nmethods=5935 adapters=697
 compilation: enabled

Compilation events (10 events):
Event: 15.217 Thread 0x0000000016c6e000 6542       3       org.gradle.api.internal.changedetection.state.RuntimeClasspathResourceHasher::hash (5 bytes)
Event: 15.217 Thread 0x0000000016c6e000 nmethod 6542 0x0000000003126e90 code [0x0000000003126fe0, 0x0000000003127150]
Event: 15.217 Thread 0x0000000016c6e000 6543       3       org.gradle.internal.fingerprint.classpath.impl.ClasspathFingerprintingStrategy$ClasspathFingerprintVisitor::createFileFingerprint (46 bytes)
Event: 15.217 Thread 0x0000000016c6e000 nmethod 6543 0x000000000394b750 code [0x000000000394b960, 0x000000000394c498]
Event: 15.217 Thread 0x0000000016c6e000 6544       3       org.gradle.internal.snapshot.RelativePathStringTracker::getRelativePathString (13 bytes)
Event: 15.218 Thread 0x0000000016c6e000 nmethod 6544 0x00000000031278d0 code [0x0000000003127a40, 0x0000000003127d48]
Event: 15.218 Thread 0x0000000016c6e000 6545       3       java.util.LinkedList::getLast (22 bytes)
Event: 15.218 Thread 0x0000000016c6e000 nmethod 6545 0x000000000394b250 code [0x000000000394b3c0, 0x000000000394b628]
Event: 15.218 Thread 0x0000000016c6e000 6550       3       com.google.common.cache.LocalCache$LocalManualCache::put (11 bytes)
Event: 15.218 Thread 0x0000000016c6e000 nmethod 6550 0x000000000394a2d0 code [0x000000000394a4c0, 0x000000000394ac88]

GC Heap History (10 events):
Event: 7.590 GC heap before
{Heap before GC invocations=11 (full 2):
 PSYoungGen      total 119808K, used 10677K [0x00000000e0000000, 0x00000000ea700000, 0x0000000100000000)
  eden space 108032K, 0% used [0x00000000e0000000,0x00000000e0000000,0x00000000e6980000)
  from space 11776K, 90% used [0x00000000e6980000,0x00000000e73ed7d8,0x00000000e7500000)
  to   space 12800K, 0% used [0x00000000e9a80000,0x00000000e9a80000,0x00000000ea700000)
 ParOldGen       total 57856K, used 9650K [0x00000000a0000000, 0x00000000a3880000, 0x00000000e0000000)
  object space 57856K, 16% used [0x00000000a0000000,0x00000000a096cb58,0x00000000a3880000)
 Metaspace       used 34609K, capacity 35404K, committed 35496K, reserved 1079296K
  class space    used 4760K, capacity 5003K, committed 5032K, reserved 1048576K
Event: 7.630 GC heap after
Heap after GC invocations=11 (full 2):
 PSYoungGen      total 119808K, used 0K [0x00000000e0000000, 0x00000000ea700000, 0x0000000100000000)
  eden space 108032K, 0% used [0x00000000e0000000,0x00000000e0000000,0x00000000e6980000)
  from space 11776K, 0% used [0x00000000e6980000,0x00000000e6980000,0x00000000e7500000)
  to   space 12800K, 0% used [0x00000000e9a80000,0x00000000e9a80000,0x00000000ea700000)
 ParOldGen       total 86016K, used 17633K [0x00000000a0000000, 0x00000000a5400000, 0x00000000e0000000)
  object space 86016K, 20% used [0x00000000a0000000,0x00000000a1138638,0x00000000a5400000)
 Metaspace       used 34585K, capacity 35326K, committed 35496K, reserved 1079296K
  class space    used 4753K, capacity 4990K, committed 5032K, reserved 1048576K
}
Event: 11.217 GC heap before
{Heap before GC invocations=12 (full 2):
 PSYoungGen      total 119808K, used 108032K [0x00000000e0000000, 0x00000000ea700000, 0x0000000100000000)
  eden space 108032K, 100% used [0x00000000e0000000,0x00000000e6980000,0x00000000e6980000)
  from space 11776K, 0% used [0x00000000e6980000,0x00000000e6980000,0x00000000e7500000)
  to   space 12800K, 0% used [0x00000000e9a80000,0x00000000e9a80000,0x00000000ea700000)
 ParOldGen       total 86016K, used 17633K [0x00000000a0000000, 0x00000000a5400000, 0x00000000e0000000)
  object space 86016K, 20% used [0x00000000a0000000,0x00000000a1138638,0x00000000a5400000)
 Metaspace       used 45277K, capacity 46322K, committed 46632K, reserved 1089536K
  class space    used 6081K, capacity 6383K, committed 6440K, reserved 1048576K
Event: 11.227 GC heap after
Heap after GC invocations=12 (full 2):
 PSYoungGen      total 153088K, used 12796K [0x00000000e0000000, 0x00000000ea700000, 0x0000000100000000)
  eden space 140288K, 0% used [0x00000000e0000000,0x00000000e0000000,0x00000000e8900000)
  from space 12800K, 99% used [0x00000000e9a80000,0x00000000ea6ff100,0x00000000ea700000)
  to   space 15360K, 0% used [0x00000000e8900000,0x00000000e8900000,0x00000000e9800000)
 ParOldGen       total 86016K, used 19840K [0x00000000a0000000, 0x00000000a5400000, 0x00000000e0000000)
  object space 86016K, 23% used [0x00000000a0000000,0x00000000a1360360,0x00000000a5400000)
 Metaspace       used 45277K, capacity 46322K, committed 46632K, reserved 1089536K
  class space    used 6081K, capacity 6383K, committed 6440K, reserved 1048576K
}
Event: 13.874 GC heap before
{Heap before GC invocations=13 (full 2):
 PSYoungGen      total 153088K, used 153084K [0x00000000e0000000, 0x00000000ea700000, 0x0000000100000000)
  eden space 140288K, 100% used [0x00000000e0000000,0x00000000e8900000,0x00000000e8900000)
  from space 12800K, 99% used [0x00000000e9a80000,0x00000000ea6ff100,0x00000000ea700000)
  to   space 15360K, 0% used [0x00000000e8900000,0x00000000e8900000,0x00000000e9800000)
 ParOldGen       total 86016K, used 19840K [0x00000000a0000000, 0x00000000a5400000, 0x00000000e0000000)
  object space 86016K, 23% used [0x00000000a0000000,0x00000000a1360360,0x00000000a5400000)
 Metaspace       used 56315K, capacity 58174K, committed 58408K, reserved 1099776K
  class space    used 7754K, capacity 8194K, committed 8232K, reserved 1048576K
Event: 13.889 GC heap after
Heap after GC invocations=13 (full 2):
 PSYoungGen      total 155648K, used 15330K [0x00000000e0000000, 0x00000000ed600000, 0x0000000100000000)
  eden space 140288K, 0% used [0x00000000e0000000,0x00000000e0000000,0x00000000e8900000)
  from space 15360K, 99% used [0x00000000e8900000,0x00000000e97f8978,0x00000000e9800000)
  to   space 19456K, 0% used [0x00000000ec300000,0x00000000ec300000,0x00000000ed600000)
 ParOldGen       total 86016K, used 26833K [0x00000000a0000000, 0x00000000a5400000, 0x00000000e0000000)
  object space 86016K, 31% used [0x00000000a0000000,0x00000000a1a34540,0x00000000a5400000)
 Metaspace       used 56315K, capacity 58174K, committed 58408K, reserved 1099776K
  class space    used 7754K, capacity 8194K, committed 8232K, reserved 1048576K
}
Event: 14.114 GC heap before
{Heap before GC invocations=14 (full 2):
 PSYoungGen      total 155648K, used 31628K [0x00000000e0000000, 0x00000000ed600000, 0x0000000100000000)
  eden space 140288K, 11% used [0x00000000e0000000,0x00000000e0fea6f8,0x00000000e8900000)
  from space 15360K, 99% used [0x00000000e8900000,0x00000000e97f8978,0x00000000e9800000)
  to   space 19456K, 0% used [0x00000000ec300000,0x00000000ec300000,0x00000000ed600000)
 ParOldGen       total 86016K, used 26833K [0x00000000a0000000, 0x00000000a5400000, 0x00000000e0000000)
  object space 86016K, 31% used [0x00000000a0000000,0x00000000a1a34540,0x00000000a5400000)
 Metaspace       used 57044K, capacity 59028K, committed 59160K, reserved 1099776K
  class space    used 7887K, capacity 8401K, committed 8472K, reserved 1048576K
Event: 14.122 GC heap after
Heap after GC invocations=14 (full 2):
 PSYoungGen      total 159744K, used 2266K [0x00000000e0000000, 0x00000000ed600000, 0x0000000100000000)
  eden space 140288K, 0% used [0x00000000e0000000,0x00000000e0000000,0x00000000e8900000)
  from space 19456K, 11% used [0x00000000ec300000,0x00000000ec5369d8,0x00000000ed600000)
  to   space 15360K, 0% used [0x00000000e8900000,0x00000000e8900000,0x00000000e9800000)
 ParOldGen       total 86016K, used 35565K [0x00000000a0000000, 0x00000000a5400000, 0x00000000e0000000)
  object space 86016K, 41% used [0x00000000a0000000,0x00000000a22bb580,0x00000000a5400000)
 Metaspace       used 57044K, capacity 59028K, committed 59160K, reserved 1099776K
  class space    used 7887K, capacity 8401K, committed 8472K, reserved 1048576K
}
Event: 14.122 GC heap before
{Heap before GC invocations=15 (full 3):
 PSYoungGen      total 159744K, used 2266K [0x00000000e0000000, 0x00000000ed600000, 0x0000000100000000)
  eden space 140288K, 0% used [0x00000000e0000000,0x00000000e0000000,0x00000000e8900000)
  from space 19456K, 11% used [0x00000000ec300000,0x00000000ec5369d8,0x00000000ed600000)
  to   space 15360K, 0% used [0x00000000e8900000,0x00000000e8900000,0x00000000e9800000)
 ParOldGen       total 86016K, used 35565K [0x00000000a0000000, 0x00000000a5400000, 0x00000000e0000000)
  object space 86016K, 41% used [0x00000000a0000000,0x00000000a22bb580,0x00000000a5400000)
 Metaspace       used 57044K, capacity 59028K, committed 59160K, reserved 1099776K
  class space    used 7887K, capacity 8401K, committed 8472K, reserved 1048576K
Event: 14.343 GC heap after
Heap after GC invocations=15 (full 3):
 PSYoungGen      total 159744K, used 0K [0x00000000e0000000, 0x00000000ed600000, 0x0000000100000000)
  eden space 140288K, 0% used [0x00000000e0000000,0x00000000e0000000,0x00000000e8900000)
  from space 19456K, 0% used [0x00000000ec300000,0x00000000ec300000,0x00000000ed600000)
  to   space 15360K, 0% used [0x00000000e8900000,0x00000000e8900000,0x00000000e9800000)
 ParOldGen       total 86016K, used 31592K [0x00000000a0000000, 0x00000000a5400000, 0x00000000e0000000)
  object space 86016K, 36% used [0x00000000a0000000,0x00000000a1eda358,0x00000000a5400000)
 Metaspace       used 56977K, capacity 58844K, committed 59160K, reserved 1099776K
  class space    used 7867K, capacity 8365K, committed 8472K, reserved 1048576K
}

Deoptimization events (10 events):
Event: 14.349 Thread 0x0000000019b28000 Uncommon trap: reason=bimorphic action=maybe_recompile pc=0x0000000003d36418 method=java.util.Arrays.binarySearch0([Ljava/lang/Object;IILjava/lang/Object;Ljava/util/Comparator;)I @ 48
Event: 14.372 Thread 0x0000000021e27000 Uncommon trap: reason=unstable_if action=reinterpret pc=0x0000000003ceb3cc method=java.util.concurrent.ConcurrentHashMap.addCount(JI)V @ 97
Event: 14.372 Thread 0x000000001b3e8000 Uncommon trap: reason=unstable_if action=reinterpret pc=0x0000000003ceb3cc method=java.util.concurrent.ConcurrentHashMap.addCount(JI)V @ 97
Event: 14.439 Thread 0x0000000021e25800 Uncommon trap: reason=class_check action=maybe_recompile pc=0x0000000003e57794 method=java.util.Collections$SetFromMap.remove(Ljava/lang/Object;)Z @ 5
Event: 14.439 Thread 0x0000000021e24800 Uncommon trap: reason=class_check action=maybe_recompile pc=0x0000000003e57794 method=java.util.Collections$SetFromMap.remove(Ljava/lang/Object;)Z @ 5
Event: 14.439 Thread 0x0000000021e23000 Uncommon trap: reason=class_check action=maybe_recompile pc=0x0000000003e57794 method=java.util.Collections$SetFromMap.remove(Ljava/lang/Object;)Z @ 5
Event: 14.439 Thread 0x0000000021e26000 Uncommon trap: reason=class_check action=maybe_recompile pc=0x0000000003e57794 method=java.util.Collections$SetFromMap.remove(Ljava/lang/Object;)Z @ 5
Event: 14.909 Thread 0x0000000019b28000 Uncommon trap: reason=unstable_if action=reinterpret pc=0x00000000040b6f8c method=com.esotericsoftware.kryo.io.Input.readVarInt(Z)I @ 42
Event: 14.914 Thread 0x0000000021e1b800 Uncommon trap: reason=unstable_if action=reinterpret pc=0x000000000387106c method=java.util.concurrent.ConcurrentHashMap.get(Ljava/lang/Object;)Ljava/lang/Object; @ 86
Event: 14.976 Thread 0x0000000019b28000 Uncommon trap: reason=unstable_if action=reinterpret pc=0x0000000003eccf68 method=com.esotericsoftware.kryo.io.Input.readVarInt(Z)I @ 42

Classes redefined (0 events):
No events

Internal exceptions (10 events):
Event: 13.093 Thread 0x000000001b3e8000 Exception <a 'java/lang/NullPointerException'> (0x00000000e565df50) thrown at [D:\src\AOSP-openjdk-cygwin\jdk8u\hotspot\src\share\vm\interpreter\linkResolver.cpp, line 1287]
Event: 15.058 Thread 0x000000001b301800 Exception <a 'java/lang/NoSuchMethodError': <clinit>> (0x00000000e000df30) thrown at [D:\src\AOSP-openjdk-cygwin\jdk8u\hotspot\src\share\vm\prims\jni.cpp, line 1614]
Event: 15.058 Thread 0x000000001b301800 Exception <a 'java/lang/NoSuchMethodError': <clinit>> (0x00000000e0010208) thrown at [D:\src\AOSP-openjdk-cygwin\jdk8u\hotspot\src\share\vm\prims\jni.cpp, line 1614]
Event: 15.059 Thread 0x000000001b301800 Exception <a 'java/lang/NoSuchMethodError': <clinit>> (0x00000000e001c580) thrown at [D:\src\AOSP-openjdk-cygwin\jdk8u\hotspot\src\share\vm\prims\jni.cpp, line 1614]
Event: 15.060 Thread 0x000000001b301800 Exception <a 'java/lang/NoSuchMethodError': <clinit>> (0x00000000e002d940) thrown at [D:\src\AOSP-openjdk-cygwin\jdk8u\hotspot\src\share\vm\prims\jni.cpp, line 1614]
Event: 15.061 Thread 0x000000001b301800 Exception <a 'java/lang/NoSuchMethodError': <clinit>> (0x00000000e00366a8) thrown at [D:\src\AOSP-openjdk-cygwin\jdk8u\hotspot\src\share\vm\prims\jni.cpp, line 1614]
Event: 15.149 Thread 0x000000001b301800 Exception <a 'java/lang/NoSuchMethodError': <clinit>> (0x00000000e0041110) thrown at [D:\src\AOSP-openjdk-cygwin\jdk8u\hotspot\src\share\vm\prims\jni.cpp, line 1614]
Event: 15.153 Thread 0x000000001b301800 Exception <a 'java/lang/NoSuchMethodError': <clinit>> (0x00000000e33b2758) thrown at [D:\src\AOSP-openjdk-cygwin\jdk8u\hotspot\src\share\vm\prims\jni.cpp, line 1614]
Event: 15.153 Thread 0x000000001b301800 Exception <a 'java/lang/NoSuchMethodError': <clinit>> (0x00000000e33b4270) thrown at [D:\src\AOSP-openjdk-cygwin\jdk8u\hotspot\src\share\vm\prims\jni.cpp, line 1614]
Event: 15.153 Thread 0x000000001b301800 Exception <a 'java/lang/NoSuchMethodError': <clinit>> (0x00000000e33b6100) thrown at [D:\src\AOSP-openjdk-cygwin\jdk8u\hotspot\src\share\vm\prims\jni.cpp, line 1614]

Events (10 events):
Event: 15.152 Thread 0x0000000016c6e000 flushing nmethod 0x00000000032aa2d0
Event: 15.152 Thread 0x0000000016c6e000 flushing nmethod 0x00000000032c3a10
Event: 15.152 Thread 0x0000000016c6e000 flushing nmethod 0x000000000334bed0
Event: 15.153 Thread 0x0000000016c6e000 flushing nmethod 0x000000000337fd50
Event: 15.154 Thread 0x0000000016c6e000 flushing nmethod 0x000000000349aa90
Event: 15.154 Thread 0x0000000016c6e000 flushing nmethod 0x00000000034a2490
Event: 15.154 Thread 0x0000000016c6e000 flushing nmethod 0x0000000003512210
Event: 15.155 Thread 0x0000000016c6e000 flushing nmethod 0x00000000036e7690
Event: 15.156 Thread 0x0000000016c6e000 flushing nmethod 0x000000000379bed0
Event: 15.158 Thread 0x0000000016c6e000 flushing nmethod 0x0000000003a52710


Dynamic libraries:
0x00007ff691110000 - 0x00007ff691141000 	C:\Program Files\Android\Android Studio\jre\bin\java.exe
0x00007ff953cb0000 - 0x00007ff953e9d000 	C:\Windows\SYSTEM32\ntdll.dll
0x00007ff953380000 - 0x00007ff953433000 	C:\Windows\System32\KERNEL32.DLL
0x00007ff9501f0000 - 0x00007ff950485000 	C:\Windows\System32\KERNELBASE.dll
0x00007ff953bd0000 - 0x00007ff953c73000 	C:\Windows\System32\ADVAPI32.dll
0x00007ff953130000 - 0x00007ff9531ce000 	C:\Windows\System32\msvcrt.dll
0x00007ff9532e0000 - 0x00007ff95337e000 	C:\Windows\System32\sechost.dll
0x00007ff952e50000 - 0x00007ff952f72000 	C:\Windows\System32\RPCRT4.dll
0x00007ff9539b0000 - 0x00007ff953b47000 	C:\Windows\System32\USER32.dll
0x00007ff950490000 - 0x00007ff9504b0000 	C:\Windows\System32\win32u.dll
0x00007ff951160000 - 0x00007ff951189000 	C:\Windows\System32\GDI32.dll
0x00007ff94fd70000 - 0x00007ff94ff09000 	C:\Windows\System32\gdi32full.dll
0x00007ff9504b0000 - 0x00007ff950550000 	C:\Windows\System32\msvcp_win.dll
0x00007ff94ff10000 - 0x00007ff95000a000 	C:\Windows\System32\ucrtbase.dll
0x00007ff938440000 - 0x00007ff9386b9000 	C:\Windows\WinSxS\amd64_microsoft.windows.common-controls_6595b64144ccf1df_6.0.17763.1158_none_de722d88534a897f\COMCTL32.dll
0x00007ff953440000 - 0x00007ff95376c000 	C:\Windows\System32\combase.dll
0x00007ff950e50000 - 0x00007ff950ece000 	C:\Windows\System32\bcryptPrimitives.dll
0x00007ff951320000 - 0x00007ff95134e000 	C:\Windows\System32\IMM32.DLL
0x0000000072e50000 - 0x0000000072f22000 	C:\Program Files\Android\Android Studio\jre\jre\bin\msvcr100.dll
0x0000000073010000 - 0x0000000073856000 	C:\Program Files\Android\Android Studio\jre\jre\bin\server\jvm.dll
0x00007ff951310000 - 0x00007ff951318000 	C:\Windows\System32\PSAPI.DLL
0x00007ff940570000 - 0x00007ff940579000 	C:\Windows\SYSTEM32\WSOCK32.dll
0x00007ff94e820000 - 0x00007ff94e82a000 	C:\Windows\SYSTEM32\VERSION.dll
0x00007ff94bfa0000 - 0x00007ff94bfc4000 	C:\Windows\SYSTEM32\WINMM.dll
0x00007ff9512a0000 - 0x00007ff95130d000 	C:\Windows\System32\WS2_32.dll
0x00007ff94bf70000 - 0x00007ff94bf9d000 	C:\Windows\SYSTEM32\winmmbase.dll
0x00007ff950550000 - 0x00007ff95059a000 	C:\Windows\System32\cfgmgr32.dll
0x00007ff93bfa0000 - 0x00007ff93bfaf000 	C:\Program Files\Android\Android Studio\jre\jre\bin\verify.dll
0x00007ff92ea10000 - 0x00007ff92ea39000 	C:\Program Files\Android\Android Studio\jre\jre\bin\java.dll
0x00007ff92e9b0000 - 0x00007ff92e9c6000 	C:\Program Files\Android\Android Studio\jre\jre\bin\zip.dll
0x00007ff9518d0000 - 0x00007ff952dc4000 	C:\Windows\System32\SHELL32.dll
0x00007ff953230000 - 0x00007ff9532d8000 	C:\Windows\System32\shcore.dll
0x00007ff9506e0000 - 0x00007ff950e2d000 	C:\Windows\System32\windows.storage.dll
0x00007ff94fd40000 - 0x00007ff94fd64000 	C:\Windows\System32\profapi.dll
0x00007ff94fcc0000 - 0x00007ff94fd1d000 	C:\Windows\System32\powrprof.dll
0x00007ff953b50000 - 0x00007ff953ba2000 	C:\Windows\System32\shlwapi.dll
0x00007ff94fca0000 - 0x00007ff94fcb1000 	C:\Windows\System32\kernel.appcore.dll
0x00007ff950e30000 - 0x00007ff950e47000 	C:\Windows\System32\cryptsp.dll
0x00007ff92e990000 - 0x00007ff92e9aa000 	C:\Program Files\Android\Android Studio\jre\jre\bin\net.dll
0x00007ff943d60000 - 0x00007ff943f37000 	C:\Windows\SYSTEM32\urlmon.dll
0x00007ff943a00000 - 0x00007ff943ca8000 	C:\Windows\SYSTEM32\iertutil.dll
0x00007ff94f6e0000 - 0x00007ff94f6ec000 	C:\Windows\SYSTEM32\CRYPTBASE.DLL
0x00007ff94f510000 - 0x00007ff94f577000 	C:\Windows\system32\mswsock.dll
0x00007ff92e6b0000 - 0x00007ff92e6c3000 	C:\Program Files\Android\Android Studio\jre\jre\bin\nio.dll
0x00007ff941020000 - 0x00007ff941046000 	C:\Users\prajw\.gradle\native\30\windows-amd64\native-platform.dll
0x00007ff933130000 - 0x00007ff93313d000 	C:\Program Files\Android\Android Studio\jre\jre\bin\management.dll
0x00007ff94f090000 - 0x00007ff94f0c3000 	C:\Windows\system32\rsaenh.dll
0x00007ff9506b0000 - 0x00007ff9506d6000 	C:\Windows\System32\bcrypt.dll
0x00007ff94fbd0000 - 0x00007ff94fbf8000 	C:\Windows\SYSTEM32\USERENV.dll
0x00007ff94f230000 - 0x00007ff94f26d000 	C:\Windows\SYSTEM32\IPHLPAPI.DLL
0x00007ff952e40000 - 0x00007ff952e48000 	C:\Windows\System32\NSI.dll
0x00007ff943d20000 - 0x00007ff943d36000 	C:\Windows\SYSTEM32\dhcpcsvc6.DLL
0x00007ff943fa0000 - 0x00007ff943fbc000 	C:\Windows\SYSTEM32\dhcpcsvc.DLL
0x00007ff94f270000 - 0x00007ff94f337000 	C:\Windows\SYSTEM32\DNSAPI.dll

VM Arguments:
jvm_args: -Xmx1536m -Dfile.encoding=windows-1252 -Duser.country=US -Duser.language=en -Duser.variant 
java_command: org.gradle.launcher.daemon.bootstrap.GradleDaemon 5.6.4
java_class_path (initial): C:\Users\prajw\.gradle\wrapper\dists\gradle-5.6.4-all\ankdp27end7byghfw1q2sw75f\gradle-5.6.4\lib\gradle-launcher-5.6.4.jar
Launcher Type: SUN_STANDARD

Environment Variables:
JAVA_HOME=C:\JAVA\bin
PATH=C:\Program Files (x86)\Common Files\Oracle\Java\javapath;C:\Program Files (x86)\Intel\Intel(R) Management Engine Components\iCLS\;C:\Program Files\Intel\Intel(R) Management Engine Components\iCLS\;C:\Windows\system32;C:\Windows;C:\Windows\System32\Wbem;C:\Windows\System32\WindowsPowerShell\v1.0\;C:\Windows\System32\OpenSSH\;C:\Program Files (x86)\NVIDIA Corporation\PhysX\Common;C:\Program Files (x86)\Intel\Intel(R) Management Engine Components\DAL;C:\Program Files\Intel\Intel(R) Management Engine Components\DAL;C:\Program Files (x86)\Intel\Intel(R) Management Engine Components\IPT;C:\Program Files\Intel\Intel(R) Management Engine Components\IPT;C:\Program Files\Git\cmd;C:\Program Files\Git\mingw64\bin;C:\Program Files\Git\usr\bin;C:\Users\prajw\Anaconda3;C:\Users\prajw\Anaconda3\Library\mingw-w64\bin;C:\Users\prajw\Anaconda3\Library\usr\bin;C:\Users\prajw\Anaconda3\Library\bin;C:\Users\prajw\Anaconda3\Scripts;C:\Users\prajw\AppData\Local\Microsoft\WindowsApps
USERNAME=prajw
OS=Windows_NT
PROCESSOR_IDENTIFIER=Intel64 Family 6 Model 142 Stepping 10, GenuineIntel



---------------  S Y S T E M  ---------------

OS: Windows 10.0 , 64 bit Build 17763 (10.0.17763.1158)

CPU:total 8 (initial active 8) (4 cores per cpu, 2 threads per core) family 6 model 142 stepping 10, cmov, cx8, fxsr, mmx, sse, sse2, sse3, ssse3, sse4.1, sse4.2, popcnt, avx, avx2, aes, clmul, erms, 3dnowpref, lzcnt, ht, tsc, tscinvbit, bmi1, bmi2, adx

Memory: 4k page, physical 8268424k(994368k free), swap 33434248k(6176k free)

vm_info: OpenJDK 64-Bit Server VM (25.212-b04) for windows-amd64 JRE (1.8.0_212-release-1586-b04), built by "builder" with MS VC++ 10.0 (VS2010)

time: Wed Apr 22 20:18:18 2020
timezone: India Standard Time
elapsed time: 15 seconds (0d 0h 0m 15s)

